# JRE version: Java(TM) SE Runtime Environment (8.0_291-b10) (build 1.8.0_291-b10)
# Java VM: Java HotSpot(TM) 64-Bit Server VM (25.291-b10 mixed mode windows-amd64 compressed oops)
Heap:
 PSYoungGen      total 254976K, used 19654K [0x00000000eab00000, 0x00000000fb500000, 0x0000000100000000)
  eden space 242176K, 8% used [0x00000000eab00000,0x00000000ebe31b28,0x00000000f9780000)
  from space 12800K, 0% used [0x00000000f9780000,0x00000000f9780000,0x00000000fa400000)
  to   space 11264K, 0% used [0x00000000fa400000,0x00000000fa400000,0x00000000faf00000)
 ParOldGen       total 42496K, used 34351K [0x00000000c0000000, 0x00000000c2980000, 0x00000000eab00000)
  object space 42496K, 80% used [0x00000000c0000000,0x00000000c218bff0,0x00000000c2980000)
 Metaspace       used 56742K, capacity 59892K, committed 60056K, reserved 1101824K
  class space    used 7804K, capacity 8314K, committed 8360K, reserved 1048576K
GC Heap History (10 events):
Event: 18.715 GC heap before
{Heap before GC invocations=8 (full 1):
 PSYoungGen      total 138240K, used 131072K [0x00000000eab00000, 0x00000000f3a00000, 0x0000000100000000)
  eden space 131072K, 100% used [0x00000000eab00000,0x00000000f2b00000,0x00000000f2b00000)
  from space 7168K, 0% used [0x00000000f3300000,0x00000000f3300000,0x00000000f3a00000)
  to   space 7680K, 0% used [0x00000000f2b00000,0x00000000f2b00000,0x00000000f3280000)
 ParOldGen       total 35840K, used 11872K [0x00000000c0000000, 0x00000000c2300000, 0x00000000eab00000)
  object space 35840K, 33% used [0x00000000c0000000,0x00000000c0b98150,0x00000000c2300000)
 Metaspace       used 29267K, capacity 31246K, committed 31616K, reserved 1077248K
  class space    used 3806K, capacity 4161K, committed 4224K, reserved 1048576K
Event: 18.754 GC heap after
Heap after GC invocations=8 (full 1):
 PSYoungGen      total 138752K, used 7677K [0x00000000eab00000, 0x00000000faf00000, 0x0000000100000000)
  eden space 131072K, 0% used [0x00000000eab00000,0x00000000eab00000,0x00000000f2b00000)
  from space 7680K, 99% used [0x00000000f2b00000,0x00000000f327f478,0x00000000f3280000)
  to   space 11264K, 0% used [0x00000000fa400000,0x00000000fa400000,0x00000000faf00000)
 ParOldGen       total 35840K, used 17028K [0x00000000c0000000, 0x00000000c2300000, 0x00000000eab00000)
  object space 35840K, 47% used [0x00000000c0000000,0x00000000c10a1368,0x00000000c2300000)
 Metaspace       used 29267K, capacity 31246K, committed 31616K, reserved 1077248K
  class space    used 3806K, capacity 4161K, committed 4224K, reserved 1048576K
}
Event: 22.305 GC heap before
{Heap before GC invocations=9 (full 1):
 PSYoungGen      total 138752K, used 86868K [0x00000000eab00000, 0x00000000faf00000, 0x0000000100000000)
  eden space 131072K, 60% used [0x00000000eab00000,0x00000000ef855eb8,0x00000000f2b00000)
  from space 7680K, 99% used [0x00000000f2b00000,0x00000000f327f478,0x00000000f3280000)
  to   space 11264K, 0% used [0x00000000fa400000,0x00000000fa400000,0x00000000faf00000)
 ParOldGen       total 35840K, used 17028K [0x00000000c0000000, 0x00000000c2300000, 0x00000000eab00000)
  object space 35840K, 47% used [0x00000000c0000000,0x00000000c10a1368,0x00000000c2300000)
 Metaspace       used 33243K, capacity 35372K, committed 35496K, reserved 1079296K
  class space    used 4401K, capacity 4758K, committed 4776K, reserved 1048576K
Event: 22.556 GC heap after
Heap after GC invocations=9 (full 1):
 PSYoungGen      total 253440K, used 9779K [0x00000000eab00000, 0x00000000fb500000, 0x0000000100000000)
  eden space 242176K, 0% used [0x00000000eab00000,0x00000000eab00000,0x00000000f9780000)
  from space 11264K, 86% used [0x00000000fa400000,0x00000000fad8ccb0,0x00000000faf00000)
  to   space 12800K, 0% used [0x00000000f9780000,0x00000000f9780000,0x00000000fa400000)
 ParOldGen       total 35840K, used 17028K [0x00000000c0000000, 0x00000000c2300000, 0x00000000eab00000)
  object space 35840K, 47% used [0x00000000c0000000,0x00000000c10a1368,0x00000000c2300000)
 Metaspace       used 33243K, capacity 35372K, committed 35496K, reserved 1079296K
  class space    used 4401K, capacity 4758K, committed 4776K, reserved 1048576K
}
Event: 22.556 GC heap before
{Heap before GC invocations=10 (full 2):
 PSYoungGen      total 253440K, used 9779K [0x00000000eab00000, 0x00000000fb500000, 0x0000000100000000)
  eden space 242176K, 0% used [0x00000000eab00000,0x00000000eab00000,0x00000000f9780000)
  from space 11264K, 86% used [0x00000000fa400000,0x00000000fad8ccb0,0x00000000faf00000)
  to   space 12800K, 0% used [0x00000000f9780000,0x00000000f9780000,0x00000000fa400000)
 ParOldGen       total 35840K, used 17028K [0x00000000c0000000, 0x00000000c2300000, 0x00000000eab00000)
  object space 35840K, 47% used [0x00000000c0000000,0x00000000c10a1368,0x00000000c2300000)
 Metaspace       used 33243K, capacity 35372K, committed 35496K, reserved 1079296K
  class space    used 4401K, capacity 4758K, committed 4776K, reserved 1048576K
Event: 22.700 GC heap after
Heap after GC invocations=10 (full 2):
 PSYoungGen      total 253440K, used 0K [0x00000000eab00000, 0x00000000fb500000, 0x0000000100000000)
  eden space 242176K, 0% used [0x00000000eab00000,0x00000000eab00000,0x00000000f9780000)
  from space 11264K, 0% used [0x00000000fa400000,0x00000000fa400000,0x00000000faf00000)
  to   space 12800K, 0% used [0x00000000f9780000,0x00000000f9780000,0x00000000fa400000)
 ParOldGen       total 42496K, used 14357K [0x00000000c0000000, 0x00000000c2980000, 0x00000000eab00000)
  object space 42496K, 33% used [0x00000000c0000000,0x00000000c0e05458,0x00000000c2980000)
 Metaspace       used 33243K, capacity 35372K, committed 35496K, reserved 1079296K
  class space    used 4401K, capacity 4758K, committed 4776K, reserved 1048576K
}
Event: 32.257 GC heap before
{Heap before GC invocations=11 (full 2):
 PSYoungGen      total 253440K, used 228424K [0x00000000eab00000, 0x00000000fb500000, 0x0000000100000000)
  eden space 242176K, 94% used [0x00000000eab00000,0x00000000f8a12160,0x00000000f9780000)
  from space 11264K, 0% used [0x00000000fa400000,0x00000000fa400000,0x00000000faf00000)
  to   space 12800K, 0% used [0x00000000f9780000,0x00000000f9780000,0x00000000fa400000)
 ParOldGen       total 42496K, used 14357K [0x00000000c0000000, 0x00000000c2980000, 0x00000000eab00000)
  object space 42496K, 33% used [0x00000000c0000000,0x00000000c0e05458,0x00000000c2980000)
 Metaspace       used 56011K, capacity 59086K, committed 59160K, reserved 1099776K
  class space    used 7656K, capacity 8159K, committed 8232K, reserved 1048576K
Event: 32.384 GC heap after
Heap after GC invocations=11 (full 2):
 PSYoungGen      total 254976K, used 12779K [0x00000000eab00000, 0x00000000fb500000, 0x0000000100000000)
  eden space 242176K, 0% used [0x00000000eab00000,0x00000000eab00000,0x00000000f9780000)
  from space 12800K, 99% used [0x00000000f9780000,0x00000000fa3fad40,0x00000000fa400000)
  to   space 11264K, 0% used [0x00000000fa400000,0x00000000fa400000,0x00000000faf00000)
 ParOldGen       total 42496K, used 25851K [0x00000000c0000000, 0x00000000c2980000, 0x00000000eab00000)
  object space 42496K, 60% used [0x00000000c0000000,0x00000000c193eef0,0x00000000c2980000)
 Metaspace       used 56011K, capacity 59086K, committed 59160K, reserved 1099776K
  class space    used 7656K, capacity 8159K, committed 8232K, reserved 1048576K
}
Event: 32.384 GC heap before
{Heap before GC invocations=12 (full 3):
 PSYoungGen      total 254976K, used 12779K [0x00000000eab00000, 0x00000000fb500000, 0x0000000100000000)
  eden space 242176K, 0% used [0x00000000eab00000,0x00000000eab00000,0x00000000f9780000)
  from space 12800K, 99% used [0x00000000f9780000,0x00000000fa3fad40,0x00000000fa400000)
  to   space 11264K, 0% used [0x00000000fa400000,0x00000000fa400000,0x00000000faf00000)
 ParOldGen       total 42496K, used 25851K [0x00000000c0000000, 0x00000000c2980000, 0x00000000eab00000)
  object space 42496K, 60% used [0x00000000c0000000,0x00000000c193eef0,0x00000000c2980000)
 Metaspace       used 56011K, capacity 59086K, committed 59160K, reserved 1099776K
  class space    used 7656K, capacity 8159K, committed 8232K, reserved 1048576K
Event: 33.338 GC heap after
Heap after GC invocations=12 (full 3):
 PSYoungGen      total 254976K, used 0K [0x00000000eab00000, 0x00000000fb500000, 0x0000000100000000)
  eden space 242176K, 0% used [0x00000000eab00000,0x00000000eab00000,0x00000000f9780000)
  from space 12800K, 0% used [0x00000000f9780000,0x00000000f9780000,0x00000000fa400000)
  to   space 11264K, 0% used [0x00000000fa400000,0x00000000fa400000,0x00000000faf00000)
 ParOldGen       total 42496K, used 34351K [0x00000000c0000000, 0x00000000c2980000, 0x00000000eab00000)
  object space 42496K, 80% used [0x00000000c0000000,0x00000000c218bff0,0x00000000c2980000)
 Metaspace       used 56011K, capacity 59086K, committed 59160K, reserved 1099776K
  class space    used 7656K, capacity 8159K, committed 8232K, reserved 1048576K
}

